<?xml version="1.0" encoding="UTF-8"?>
<testsuite name="com.prueba.certificacion.runners.Tarifario" tests="0" skipped="0" failures="0" errors="0" timestamp="1970-01-01T00:00:00" hostname="LAPTOP-H41EU6T9" time="0.0">
  <properties/>
  <system-out><![CDATA[
?[31mFailed scenarios:?[0m
?[31msrc/test/resources/features/tarifario.feature:16 ?[0m# Consulta exitosa del saldo promedio mensual por debajo del mínimo de una cuenta Corriente

1 Scenarios (?[31m1 failed?[0m)
4 Steps (?[31m1 failed?[0m, ?[36m2 skipped?[0m, ?[32m1 passed?[0m)
0m9,585s

java.lang.NullPointerException
	at org.apache.commons.lang3.SystemUtils.isJavaVersionAtLeast(SystemUtils.java:1654)
	at org.apache.commons.lang3.ClassUtils.isAssignable(ClassUtils.java:760)
	at net.thucydides.core.steps.StepFactory$ParameterAssignementChecker.cannotBeAssignedTo(StepFactory.java:339)
	at net.thucydides.core.steps.StepFactory.parametersMatchFor(StepFactory.java:249)
	at net.thucydides.core.steps.StepFactory.argumentTypesFrom(StepFactory.java:225)
	at net.thucydides.core.steps.StepFactory.immutableStepLibrary(StepFactory.java:219)
	at net.thucydides.core.steps.StepFactory.createProxyStepLibrary(StepFactory.java:210)
	at net.thucydides.core.steps.StepFactory.instantiateUniqueStepLibraryFor(StepFactory.java:186)
	at net.thucydides.core.steps.StepFactory.getUniqueStepLibraryFor(StepFactory.java:122)
	at net.serenitybdd.screenplay.Tasks.instrumented(Tasks.java:12)
	at com.prueba.certificacion.tasks.IngresarAl.menu(IngresarAl.java:29)
	at com.prueba.certificacion.stepdefinitions.ConsultarTarifasStepDefinition.ingresoAlMenuTarifario(ConsultarTarifasStepDefinition.java:35)
	at ?.Ingreso al menu tarifario(src/test/resources/features/tarifario.feature:9)

]]></system-out>
  <system-err><![CDATA[[Test worker] INFO net.serenitybdd.core.Serenity - ?[36m

-------------------------------------------------------------------------------------
     _______. _______ .______       _______ .__   __.  __  .___________.____    ____ 
    /       ||   ____||   _  \     |   ____||  \ |  | |  | |           |\   \  /   / 
   |   (----`|  |__   |  |_)  |    |  |__   |   \|  | |  | `---|  |----` \   \/   /  
    \   \    |   __|  |      /     |   __|  |  . `  | |  |     |  |       \_    _/   
.----)   |   |  |____ |  |\  \----.|  |____ |  |\   | |  |     |  |         |  |     
|_______/    |_______|| _| `._____||_______||__| \__| |__|     |__|         |__|    
                                                                                     
 News and tutorials at http://www.serenity-bdd.info                                  
 Documentation at https://wakaleo.gitbooks.io/the-serenity-book/content/             
 Join the Serenity Community on Rocket Chat at https://serenity-bdd.rocket.chat      
 Serenity BDD Support and Training at http://serenity-bdd.info/#/trainingandsupport  
 Learn Serenity BDD online at http://serenity-dojo.com                               
-------------------------------------------------------------------------------------
?[0m
[Test worker] INFO net.serenitybdd.core.Serenity - Test Suite Started: : Consultar tarifas de Cuentas de Depósitos
[Test worker] INFO net.serenitybdd.core.Serenity - 
 _____ _____ ____ _____   ____ _____  _    ____ _____ _____ ____  
|_   _| ____/ ___|_   _| / ___|_   _|/ \  |  _ \_   _| ____|  _ \ 
  | | |  _| \___ \ | |   \___ \ | | / _ \ | |_) || | |  _| | | | |
  | | | |___ ___) || |    ___) || |/ ___ \|  _ < | | | |___| |_| |
  |_| |_____|____/ |_|   |____/ |_/_/   \_\_| \_\|_| |_____|____/ 
                                                                  

TEST STARTED: Consulta exitosa del saldo promedio mensual por debajo del mínimo de una cuenta Corriente
-------------------------------------------------------------------(:-consultar-tarifas-de-cuentas-de-depósitos;consulta-exitosa-del-saldo-promedio-mensual-por-debajo-del-mínimo-de-una-cuenta-corriente)
[Test worker] ERROR net.serenitybdd.core.Serenity - 
           __  _____ _____ ____ _____   _____ _    ___ _     _____ ____  
  _       / / |_   _| ____/ ___|_   _| |  ___/ \  |_ _| |   | ____|  _ \ 
 (_)_____| |    | | |  _| \___ \ | |   | |_ / _ \  | || |   |  _| | | | |
  _|_____| |    | | | |___ ___) || |   |  _/ ___ \ | || |___| |___| |_| |
 (_)     | |    |_| |_____|____/ |_|   |_|/_/   \_\___|_____|_____|____/ 
          \_\                                                            

TEST FAILED WITH ERROR: Consulta exitosa del saldo promedio mensual por debajo del mínimo de una cuenta Corriente
---------------------------------------------------------------------
[Test worker] ERROR net.serenitybdd.core.Serenity - TEST FAILED AT STEP Cuando Ingreso al menu tarifario
[Test worker] ERROR net.serenitybdd.core.Serenity - 
]]></system-err>
</testsuite>
