<?xml version="1.0" encoding="UTF-8"?>
<testsuite name=": Consultar tarifas de Cuentas de Depósitos" tests="1" skipped="0" failures="1" errors="0" timestamp="2021-04-19T09:33:10" hostname="LAPTOP-H41EU6T9" time="9.28">
  <properties/>
  <testcase name="Consulta exitosa del saldo promedio mensual por debajo del mínimo de una cuenta Corriente" classname=": Consultar tarifas de Cuentas de Depósitos" time="9.28">
    <failure message="java.lang.NullPointerException" type="java.lang.NullPointerException">java.lang.NullPointerException
	at org.apache.commons.lang3.SystemUtils.isJavaVersionAtLeast(SystemUtils.java:1654)
	at org.apache.commons.lang3.ClassUtils.isAssignable(ClassUtils.java:760)
	at net.thucydides.core.steps.StepFactory$ParameterAssignementChecker.cannotBeAssignedTo(StepFactory.java:339)
	at net.thucydides.core.steps.StepFactory.parametersMatchFor(StepFactory.java:249)
	at net.thucydides.core.steps.StepFactory.argumentTypesFrom(StepFactory.java:225)
	at net.thucydides.core.steps.StepFactory.immutableStepLibrary(StepFactory.java:219)
	at net.thucydides.core.steps.StepFactory.createProxyStepLibrary(StepFactory.java:210)
	at net.thucydides.core.steps.StepFactory.instantiateUniqueStepLibraryFor(StepFactory.java:186)
	at net.thucydides.core.steps.StepFactory.getUniqueStepLibraryFor(StepFactory.java:122)
	at net.serenitybdd.screenplay.Tasks.instrumented(Tasks.java:12)
	at com.prueba.certificacion.tasks.IngresarAl.menu(IngresarAl.java:29)
	at com.prueba.certificacion.stepdefinitions.ConsultarTarifasStepDefinition.ingresoAlMenuTarifario(ConsultarTarifasStepDefinition.java:35)
	at ✽.Ingreso al menu tarifario(src/test/resources/features/tarifario.feature:9)
</failure>
  </testcase>
  <system-out><![CDATA[]]></system-out>
  <system-err><![CDATA[Starting ChromeDriver 89.0.4389.23 (61b08ee2c50024bab004e48d2b1b083cdbdac579-refs/branch-heads/4389@{#294}) on port 37970
Only local connections are allowed.
Please see https://chromedriver.chromium.org/security-considerations for suggestions on keeping ChromeDriver safe.
ChromeDriver was started successfully.
[1618824792.456][WARNING]: This version of ChromeDriver has not been tested with Chrome version 90.
abr. 19, 2021 4:33:12 A. M. org.openqa.selenium.remote.ProtocolHandshake createSession
INFO: Detected dialect: W3C
[Test worker] ERROR net.serenitybdd.core.Serenity - 
           __  _____ _____ ____ _____   _____ _    ___ _     _____ ____  
  _       / / |_   _| ____/ ___|_   _| |  ___/ \  |_ _| |   | ____|  _ \ 
 (_)_____| |    | | |  _| \___ \ | |   | |_ / _ \  | || |   |  _| | | | |
  _|_____| |    | | | |___ ___) || |   |  _/ ___ \ | || |___| |___| |_| |
 (_)     | |    |_| |_____|____/ |_|   |_|/_/   \_\___|_____|_____|____/ 
          \_\                                                            

TEST FAILED WITH ERROR: Consulta exitosa del saldo promedio mensual por debajo del mínimo de una cuenta Corriente
---------------------------------------------------------------------
[Test worker] ERROR net.serenitybdd.core.Serenity - TEST FAILED AT STEP Cuando Ingreso al menu tarifario
[Test worker] ERROR net.serenitybdd.core.Serenity - 
]]></system-err>
</testsuite>
