<?xml version="1.0" encoding="UTF-8"?>
<testsuite name=": Consultar tarifas de Cuentas de Depósitos" tests="1" skipped="0" failures="0" errors="0" timestamp="2021-04-20T19:20:32" hostname="LAPTOP-H41EU6T9" time="22.439">
  <properties/>
  <testcase name="Consulta exitosa del archivo con tarifas para cuentas depositos" classname=": Consultar tarifas de Cuentas de Depósitos" time="22.439"/>
  <system-out><![CDATA[child window
]]></system-out>
  <system-err><![CDATA[Starting ChromeDriver 90.0.4430.24 (4c6d850f087da467d926e8eddb76550aed655991-refs/branch-heads/4430@{#429}) on port 20810
Only local connections are allowed.
Please see https://chromedriver.chromium.org/security-considerations for suggestions on keeping ChromeDriver safe.
ChromeDriver was started successfully.
abr 20, 2021 2:20:36 PM org.openqa.selenium.remote.ProtocolHandshake createSession
INFORMACIÓN: Detected dialect: W3C
[Test worker] INFO net.serenitybdd.core.Serenity - 
        __    _____ _____ ____ _____   ____   _    ____  ____  _____ ____  
  _     \ \  |_   _| ____/ ___|_   _| |  _ \ / \  / ___|/ ___|| ____|  _ \ 
 (_)_____| |   | | |  _| \___ \ | |   | |_) / _ \ \___ \\___ \|  _| | | | |
  _|_____| |   | | | |___ ___) || |   |  __/ ___ \ ___) |___) | |___| |_| |
 (_)     | |   |_| |_____|____/ |_|   |_| /_/   \_\____/|____/|_____|____/ 
        /_/                                                                

TEST PASSED: Consulta exitosa del archivo con tarifas para cuentas depositos
----------------------------------------------------------------------------
]]></system-err>
</testsuite>
